<?xml version="1.0" encoding="UTF-8"?>
<testsuite xmlns:xsi="http://www.w3.org/2001/XMLSchema-instance" xsi:noNamespaceSchemaLocation="https://maven.apache.org/surefire/maven-surefire-plugin/xsd/surefire-test-report.xsd" name="com.iu.sl.AppTest" time="0.069" tests="1" errors="0" skipped="0" failures="0">
  <properties>
    <property name="sun.desktop" value="windows"/>
    <property name="awt.toolkit" value="sun.awt.windows.WToolkit"/>
    <property name="file.encoding.pkg" value="sun.io"/>
    <property name="java.specification.version" value="1.8"/>
    <property name="sun.cpu.isalist" value="amd64"/>
    <property name="sun.jnu.encoding" value="GBK"/>
    <property name="java.class.path" value="D:\work\ideaproject\dubbo-user\user-provider\target\test-classes;D:\work\ideaproject\dubbo-user\user-provider\target\classes;D:\iuuuu\maven\repository\junit\junit\4.11\junit-4.11.jar;D:\iuuuu\maven\repository\org\hamcrest\hamcrest-core\1.3\hamcrest-core-1.3.jar;D:\iuuuu\maven\repository\org\springframework\spring-core\4.3.10.RELEASE\spring-core-4.3.10.RELEASE.jar;D:\iuuuu\maven\repository\commons-logging\commons-logging\1.2\commons-logging-1.2.jar;D:\iuuuu\maven\repository\org\springframework\spring-beans\4.3.10.RELEASE\spring-beans-4.3.10.RELEASE.jar;D:\iuuuu\maven\repository\org\springframework\spring-context\4.3.10.RELEASE\spring-context-4.3.10.RELEASE.jar;D:\iuuuu\maven\repository\org\springframework\spring-aop\4.3.10.RELEASE\spring-aop-4.3.10.RELEASE.jar;D:\iuuuu\maven\repository\org\springframework\spring-expression\4.3.10.RELEASE\spring-expression-4.3.10.RELEASE.jar;D:\iuuuu\maven\repository\org\springframework\spring-context-support\4.3.10.RELEASE\spring-context-support-4.3.10.RELEASE.jar;D:\iuuuu\maven\repository\org\springframework\spring-jms\4.3.10.RELEASE\spring-jms-4.3.10.RELEASE.jar;D:\iuuuu\maven\repository\org\springframework\spring-messaging\4.3.10.RELEASE\spring-messaging-4.3.10.RELEASE.jar;D:\iuuuu\maven\repository\org\springframework\spring-tx\4.3.10.RELEASE\spring-tx-4.3.10.RELEASE.jar;D:\iuuuu\maven\repository\org\springframework\spring-orm\4.3.10.RELEASE\spring-orm-4.3.10.RELEASE.jar;D:\iuuuu\maven\repository\org\springframework\spring-jdbc\4.3.10.RELEASE\spring-jdbc-4.3.10.RELEASE.jar;D:\work\ideaproject\dubbo-user\user-api\target\user-api-1.0-SNAPSHOT.jar;D:\iuuuu\maven\repository\com\alibaba\dubbo\2.5.8\dubbo-2.5.8.jar;D:\iuuuu\maven\repository\org\springframework\spring-web\4.3.10.RELEASE\spring-web-4.3.10.RELEASE.jar;D:\iuuuu\maven\repository\org\javassist\javassist\3.20.0-GA\javassist-3.20.0-GA.jar;D:\iuuuu\maven\repository\org\jboss\netty\netty\3.2.5.Final\netty-3.2.5.Final.jar;D:\iuuuu\maven\repository\com\github\sgroschupf\zkclient\0.1\zkclient-0.1.jar;D:\iuuuu\maven\repository\org\apache\zookeeper\zookeeper\3.3.3\zookeeper-3.3.3.jar;D:\iuuuu\maven\repository\jline\jline\0.9.94\jline-0.9.94.jar;D:\iuuuu\maven\repository\log4j\log4j\1.2.14\log4j-1.2.14.jar;D:\iuuuu\maven\repository\org\apache\activemq\activemq-all\5.15.2\activemq-all-5.15.2.jar;D:\iuuuu\maven\repository\org\apache\activemq\activemq-pool\5.15.3\activemq-pool-5.15.3.jar;D:\iuuuu\maven\repository\org\slf4j\slf4j-api\1.7.25\slf4j-api-1.7.25.jar;D:\iuuuu\maven\repository\org\apache\activemq\activemq-jms-pool\5.15.3\activemq-jms-pool-5.15.3.jar;D:\iuuuu\maven\repository\org\apache\geronimo\specs\geronimo-jms_1.1_spec\1.1.1\geronimo-jms_1.1_spec-1.1.1.jar;D:\iuuuu\maven\repository\org\apache\activemq\activemq-client\5.15.3\activemq-client-5.15.3.jar;D:\iuuuu\maven\repository\org\fusesource\hawtbuf\hawtbuf\1.11\hawtbuf-1.11.jar;D:\iuuuu\maven\repository\org\apache\geronimo\specs\geronimo-j2ee-management_1.1_spec\1.0.1\geronimo-j2ee-management_1.1_spec-1.0.1.jar;D:\iuuuu\maven\repository\org\apache\geronimo\specs\geronimo-jta_1.0.1B_spec\1.0.1\geronimo-jta_1.0.1B_spec-1.0.1.jar;D:\iuuuu\maven\repository\org\apache\commons\commons-pool2\2.5.0\commons-pool2-2.5.0.jar;D:\iuuuu\maven\repository\io\jsonwebtoken\jjwt\0.9.0\jjwt-0.9.0.jar;D:\iuuuu\maven\repository\com\fasterxml\jackson\core\jackson-databind\2.8.9\jackson-databind-2.8.9.jar;D:\iuuuu\maven\repository\com\fasterxml\jackson\core\jackson-annotations\2.8.0\jackson-annotations-2.8.0.jar;D:\iuuuu\maven\repository\com\fasterxml\jackson\core\jackson-core\2.8.9\jackson-core-2.8.9.jar;D:\iuuuu\maven\repository\joda-time\joda-time\2.9.9\joda-time-2.9.9.jar;D:\iuuuu\maven\repository\redis\clients\jedis\2.9.0\jedis-2.9.0.jar;"/>
    <property name="java.vm.vendor" value="Oracle Corporation"/>
    <property name="sun.arch.data.model" value="64"/>
    <property name="user.variant" value=""/>
    <property name="java.vendor.url" value="http://java.oracle.com/"/>
    <property name="user.timezone" value=""/>
    <property name="java.vm.specification.version" value="1.8"/>
    <property name="os.name" value="Windows 10"/>
    <property name="user.country" value="CN"/>
    <property name="sun.java.launcher" value="SUN_STANDARD"/>
    <property name="sun.boot.library.path" value="D:\iuuuu\Java\jdk1.8-171\jre\bin"/>
    <property name="sun.java.command" value="C:\Users\IUUU\AppData\Local\Temp\surefire8700380810875556049\surefirebooter211427443108888890.jar C:\Users\IUUU\AppData\Local\Temp\surefire8700380810875556049 2018-06-01T11-17-05_207-jvmRun1 surefire9001894491680914870tmp surefire_12144612335267539979tmp"/>
    <property name="surefire.test.class.path" value="D:\work\ideaproject\dubbo-user\user-provider\target\test-classes;D:\work\ideaproject\dubbo-user\user-provider\target\classes;D:\iuuuu\maven\repository\junit\junit\4.11\junit-4.11.jar;D:\iuuuu\maven\repository\org\hamcrest\hamcrest-core\1.3\hamcrest-core-1.3.jar;D:\iuuuu\maven\repository\org\springframework\spring-core\4.3.10.RELEASE\spring-core-4.3.10.RELEASE.jar;D:\iuuuu\maven\repository\commons-logging\commons-logging\1.2\commons-logging-1.2.jar;D:\iuuuu\maven\repository\org\springframework\spring-beans\4.3.10.RELEASE\spring-beans-4.3.10.RELEASE.jar;D:\iuuuu\maven\repository\org\springframework\spring-context\4.3.10.RELEASE\spring-context-4.3.10.RELEASE.jar;D:\iuuuu\maven\repository\org\springframework\spring-aop\4.3.10.RELEASE\spring-aop-4.3.10.RELEASE.jar;D:\iuuuu\maven\repository\org\springframework\spring-expression\4.3.10.RELEASE\spring-expression-4.3.10.RELEASE.jar;D:\iuuuu\maven\repository\org\springframework\spring-context-support\4.3.10.RELEASE\spring-context-support-4.3.10.RELEASE.jar;D:\iuuuu\maven\repository\org\springframework\spring-jms\4.3.10.RELEASE\spring-jms-4.3.10.RELEASE.jar;D:\iuuuu\maven\repository\org\springframework\spring-messaging\4.3.10.RELEASE\spring-messaging-4.3.10.RELEASE.jar;D:\iuuuu\maven\repository\org\springframework\spring-tx\4.3.10.RELEASE\spring-tx-4.3.10.RELEASE.jar;D:\iuuuu\maven\repository\org\springframework\spring-orm\4.3.10.RELEASE\spring-orm-4.3.10.RELEASE.jar;D:\iuuuu\maven\repository\org\springframework\spring-jdbc\4.3.10.RELEASE\spring-jdbc-4.3.10.RELEASE.jar;D:\work\ideaproject\dubbo-user\user-api\target\user-api-1.0-SNAPSHOT.jar;D:\iuuuu\maven\repository\com\alibaba\dubbo\2.5.8\dubbo-2.5.8.jar;D:\iuuuu\maven\repository\org\springframework\spring-web\4.3.10.RELEASE\spring-web-4.3.10.RELEASE.jar;D:\iuuuu\maven\repository\org\javassist\javassist\3.20.0-GA\javassist-3.20.0-GA.jar;D:\iuuuu\maven\repository\org\jboss\netty\netty\3.2.5.Final\netty-3.2.5.Final.jar;D:\iuuuu\maven\repository\com\github\sgroschupf\zkclient\0.1\zkclient-0.1.jar;D:\iuuuu\maven\repository\org\apache\zookeeper\zookeeper\3.3.3\zookeeper-3.3.3.jar;D:\iuuuu\maven\repository\jline\jline\0.9.94\jline-0.9.94.jar;D:\iuuuu\maven\repository\log4j\log4j\1.2.14\log4j-1.2.14.jar;D:\iuuuu\maven\repository\org\apache\activemq\activemq-all\5.15.2\activemq-all-5.15.2.jar;D:\iuuuu\maven\repository\org\apache\activemq\activemq-pool\5.15.3\activemq-pool-5.15.3.jar;D:\iuuuu\maven\repository\org\slf4j\slf4j-api\1.7.25\slf4j-api-1.7.25.jar;D:\iuuuu\maven\repository\org\apache\activemq\activemq-jms-pool\5.15.3\activemq-jms-pool-5.15.3.jar;D:\iuuuu\maven\repository\org\apache\geronimo\specs\geronimo-jms_1.1_spec\1.1.1\geronimo-jms_1.1_spec-1.1.1.jar;D:\iuuuu\maven\repository\org\apache\activemq\activemq-client\5.15.3\activemq-client-5.15.3.jar;D:\iuuuu\maven\repository\org\fusesource\hawtbuf\hawtbuf\1.11\hawtbuf-1.11.jar;D:\iuuuu\maven\repository\org\apache\geronimo\specs\geronimo-j2ee-management_1.1_spec\1.0.1\geronimo-j2ee-management_1.1_spec-1.0.1.jar;D:\iuuuu\maven\repository\org\apache\geronimo\specs\geronimo-jta_1.0.1B_spec\1.0.1\geronimo-jta_1.0.1B_spec-1.0.1.jar;D:\iuuuu\maven\repository\org\apache\commons\commons-pool2\2.5.0\commons-pool2-2.5.0.jar;D:\iuuuu\maven\repository\io\jsonwebtoken\jjwt\0.9.0\jjwt-0.9.0.jar;D:\iuuuu\maven\repository\com\fasterxml\jackson\core\jackson-databind\2.8.9\jackson-databind-2.8.9.jar;D:\iuuuu\maven\repository\com\fasterxml\jackson\core\jackson-annotations\2.8.0\jackson-annotations-2.8.0.jar;D:\iuuuu\maven\repository\com\fasterxml\jackson\core\jackson-core\2.8.9\jackson-core-2.8.9.jar;D:\iuuuu\maven\repository\joda-time\joda-time\2.9.9\joda-time-2.9.9.jar;D:\iuuuu\maven\repository\redis\clients\jedis\2.9.0\jedis-2.9.0.jar;"/>
    <property name="sun.cpu.endian" value="little"/>
    <property name="user.home" value="C:\Users\IUUU"/>
    <property name="user.language" value="zh"/>
    <property name="java.specification.vendor" value="Oracle Corporation"/>
    <property name="java.home" value="D:\iuuuu\Java\jdk1.8-171\jre"/>
    <property name="basedir" value="D:\work\ideaproject\dubbo-user\user-provider"/>
    <property name="file.separator" value="\"/>
    <property name="line.separator" value="&#10;"/>
    <property name="java.vm.specification.vendor" value="Oracle Corporation"/>
    <property name="java.specification.name" value="Java Platform API Specification"/>
    <property name="java.awt.graphicsenv" value="sun.awt.Win32GraphicsEnvironment"/>
    <property name="surefire.real.class.path" value="C:\Users\IUUU\AppData\Local\Temp\surefire8700380810875556049\surefirebooter211427443108888890.jar"/>
    <property name="sun.boot.class.path" value="D:\iuuuu\Java\jdk1.8-171\jre\lib\resources.jar;D:\iuuuu\Java\jdk1.8-171\jre\lib\rt.jar;D:\iuuuu\Java\jdk1.8-171\jre\lib\sunrsasign.jar;D:\iuuuu\Java\jdk1.8-171\jre\lib\jsse.jar;D:\iuuuu\Java\jdk1.8-171\jre\lib\jce.jar;D:\iuuuu\Java\jdk1.8-171\jre\lib\charsets.jar;D:\iuuuu\Java\jdk1.8-171\jre\lib\jfr.jar;D:\iuuuu\Java\jdk1.8-171\jre\classes"/>
    <property name="user.script" value=""/>
    <property name="sun.management.compiler" value="HotSpot 64-Bit Tiered Compilers"/>
    <property name="java.runtime.version" value="1.8.0_171-b11"/>
    <property name="user.name" value="IUUU"/>
    <property name="path.separator" value=";"/>
    <property name="os.version" value="10.0"/>
    <property name="java.endorsed.dirs" value="D:\iuuuu\Java\jdk1.8-171\jre\lib\endorsed"/>
    <property name="java.runtime.name" value="Java(TM) SE Runtime Environment"/>
    <property name=":maven.test.skip" value="true"/>
    <property name="file.encoding" value="GBK"/>
    <property name="java.vm.name" value="Java HotSpot(TM) 64-Bit Server VM"/>
    <property name="localRepository" value="D:\iuuuu\maven\repository"/>
    <property name="java.vendor.url.bug" value="http://bugreport.sun.com/bugreport/"/>
    <property name="java.io.tmpdir" value="C:\Users\IUUU\AppData\Local\Temp\"/>
    <property name="java.version" value="1.8.0_171"/>
    <property name="user.dir" value="D:\work\ideaproject\dubbo-user\user-provider"/>
    <property name="os.arch" value="amd64"/>
    <property name="java.vm.specification.name" value="Java Virtual Machine Specification"/>
    <property name="java.awt.printerjob" value="sun.awt.windows.WPrinterJob"/>
    <property name="sun.os.patch.level" value=""/>
    <property name="java.library.path" value="D:\iuuuu\Java\jdk1.8-171\jre\bin;C:\WINDOWS\Sun\Java\bin;C:\WINDOWS\system32;C:\WINDOWS;C:\Program Files (x86)\Common Files\Oracle\Java\javapath;D:\iuuuu\oracledatabase\product\11.2.0\dbhome_1\bin;D:\iuuuu\or\product\11.2.0\client_1\bin;D:\iuuuu\oracle;C:\Program Files (x86)\Intel\iCLS Client\;C:\Program Files\Intel\iCLS Client\;C:\WINDOWS\system32;C:\WINDOWS;C:\WINDOWS\System32\Wbem;C:\WINDOWS\System32\WindowsPowerShell\v1.0\;C:\Program Files (x86)\Intel\Intel(R) Management Engine Components\DAL;C:\Program Files\Intel\Intel(R) Management Engine Components\DAL;C:\Program Files (x86)\Intel\Intel(R) Management Engine Components\IPT;C:\Program Files\Intel\Intel(R) Management Engine Components\IPT;C:\Program Files (x86)\ATI Technologies\ATI.ACE\Core-Static;D:\iuuuu\Java\jdk1.8-171\bin;D:\iuuuu\maven\apache-maven-3.5.3-bin\apache-maven-3.5.3\bin;D:\ultra\ultraedit安装;C;\Program Files\Intel\WiFi\bin\;C:\Program Files\Common Files\Intel\WirelessCommon\;D:\iuuuu\gradle\gradle-4.6-bin\gradle-4.6\bin;D:\iuuuu\git\Git\cmd;D:\iuuuu\tortoiessvn\bin;C:\Users\IUUU\AppData\Local\Microsoft\WindowsApps;C:\Program Files\Intel\WiFi\bin\;C:\Program Files\Common Files\Intel\WirelessCommon\;D:\GW\MinGW\bin;&quot;D:\iuuuu\Java\jdk1.8-171\bin;D:\iuuuu\Java\jdk1.8-171\jre\bin&quot;;;."/>
    <property name="java.vm.info" value="mixed mode"/>
    <property name="java.vendor" value="Oracle Corporation"/>
    <property name="java.vm.version" value="25.171-b11"/>
    <property name="java.ext.dirs" value="D:\iuuuu\Java\jdk1.8-171\jre\lib\ext;C:\WINDOWS\Sun\Java\lib\ext"/>
    <property name="sun.io.unicode.encoding" value="UnicodeLittle"/>
    <property name="java.class.version" value="52.0"/>
  </properties>
  <testcase name="shouldAnswerWithTrue" classname="com.iu.sl.AppTest" time="0.002"/>
</testsuite>