<?xml version="1.0" encoding="UTF-8"?>
<testsuite xmlns:xsi="http://www.w3.org/2001/XMLSchema-instance" xsi:noNamespaceSchemaLocation="https://maven.apache.org/surefire/maven-surefire-plugin/xsd/surefire-test-report.xsd" name="com.iu.sl.AppTest" time="0.075" tests="1" errors="0" skipped="0" failures="0">
  <properties>
    <property name="sun.desktop" value="windows"/>
    <property name="awt.toolkit" value="sun.awt.windows.WToolkit"/>
    <property name="file.encoding.pkg" value="sun.io"/>
    <property name="java.specification.version" value="1.8"/>
    <property name="sun.cpu.isalist" value="amd64"/>
    <property name="sun.jnu.encoding" value="GBK"/>
    <property name="java.class.path" value="D:\work\ideaproject\dubbo-user\user-api\target\test-classes;D:\work\ideaproject\dubbo-user\user-api\target\classes;D:\iuuuu\maven\repository\junit\junit\4.11\junit-4.11.jar;D:\iuuuu\maven\repository\org\hamcrest\hamcrest-core\1.3\hamcrest-core-1.3.jar;"/>
    <property name="java.vm.vendor" value="Oracle Corporation"/>
    <property name="sun.arch.data.model" value="64"/>
    <property name="user.variant" value=""/>
    <property name="java.vendor.url" value="http://java.oracle.com/"/>
    <property name="user.timezone" value=""/>
    <property name="java.vm.specification.version" value="1.8"/>
    <property name="os.name" value="Windows 10"/>
    <property name="user.country" value="CN"/>
    <property name="sun.java.launcher" value="SUN_STANDARD"/>
    <property name="sun.boot.library.path" value="D:\iuuuu\Java\jdk1.8\jre\bin"/>
    <property name="sun.java.command" value="C:\Users\IUUU\AppData\Local\Temp\surefire4019140775649871664\surefirebooter1189163515696739926.jar C:\Users\IUUU\AppData\Local\Temp\surefire4019140775649871664 2018-04-19T16-13-59_174-jvmRun1 surefire2296709721148843841tmp surefire_08225885660425473229tmp"/>
    <property name="surefire.test.class.path" value="D:\work\ideaproject\dubbo-user\user-api\target\test-classes;D:\work\ideaproject\dubbo-user\user-api\target\classes;D:\iuuuu\maven\repository\junit\junit\4.11\junit-4.11.jar;D:\iuuuu\maven\repository\org\hamcrest\hamcrest-core\1.3\hamcrest-core-1.3.jar;"/>
    <property name="sun.cpu.endian" value="little"/>
    <property name="user.home" value="C:\Users\IUUU"/>
    <property name="user.language" value="zh"/>
    <property name="java.specification.vendor" value="Oracle Corporation"/>
    <property name="java.home" value="D:\iuuuu\Java\jdk1.8\jre"/>
    <property name="basedir" value="D:\work\ideaproject\dubbo-user\user-api"/>
    <property name="file.separator" value="\"/>
    <property name="line.separator" value="&#10;"/>
    <property name="java.vm.specification.vendor" value="Oracle Corporation"/>
    <property name="java.specification.name" value="Java Platform API Specification"/>
    <property name="java.awt.graphicsenv" value="sun.awt.Win32GraphicsEnvironment"/>
    <property name="surefire.real.class.path" value="C:\Users\IUUU\AppData\Local\Temp\surefire4019140775649871664\surefirebooter1189163515696739926.jar"/>
    <property name="sun.boot.class.path" value="D:\iuuuu\Java\jdk1.8\jre\lib\resources.jar;D:\iuuuu\Java\jdk1.8\jre\lib\rt.jar;D:\iuuuu\Java\jdk1.8\jre\lib\sunrsasign.jar;D:\iuuuu\Java\jdk1.8\jre\lib\jsse.jar;D:\iuuuu\Java\jdk1.8\jre\lib\jce.jar;D:\iuuuu\Java\jdk1.8\jre\lib\charsets.jar;D:\iuuuu\Java\jdk1.8\jre\lib\jfr.jar;D:\iuuuu\Java\jdk1.8\jre\classes"/>
    <property name="user.script" value=""/>
    <property name="sun.management.compiler" value="HotSpot 64-Bit Tiered Compilers"/>
    <property name="java.runtime.version" value="1.8.0_101-b13"/>
    <property name="user.name" value="IUUU"/>
    <property name="path.separator" value=";"/>
    <property name="os.version" value="10.0"/>
    <property name="java.endorsed.dirs" value="D:\iuuuu\Java\jdk1.8\jre\lib\endorsed"/>
    <property name="java.runtime.name" value="Java(TM) SE Runtime Environment"/>
    <property name="file.encoding" value="GBK"/>
    <property name="java.vm.name" value="Java HotSpot(TM) 64-Bit Server VM"/>
    <property name="localRepository" value="D:\iuuuu\maven\repository"/>
    <property name="java.vendor.url.bug" value="http://bugreport.sun.com/bugreport/"/>
    <property name="java.io.tmpdir" value="C:\Users\IUUU\AppData\Local\Temp\"/>
    <property name="idea.version" value="2018.1.1"/>
    <property name="java.version" value="1.8.0_101"/>
    <property name="user.dir" value="D:\work\ideaproject\dubbo-user\user-api"/>
    <property name="os.arch" value="amd64"/>
    <property name="java.vm.specification.name" value="Java Virtual Machine Specification"/>
    <property name="java.awt.printerjob" value="sun.awt.windows.WPrinterJob"/>
    <property name="sun.os.patch.level" value=""/>
    <property name="java.library.path" value="D:\iuuuu\Java\jdk1.8\jre\bin;C:\WINDOWS\Sun\Java\bin;C:\WINDOWS\system32;C:\WINDOWS;D:\iuuuu\oracledatabase\product\11.2.0\dbhome_1\bin;D:\iuuuu\or\product\11.2.0\client_1\bin;D:\iuuuu\oracle;C:\Program Files (x86)\Intel\iCLS Client\;C:\Program Files\Intel\iCLS Client\;C:\WINDOWS\system32;C:\WINDOWS;C:\WINDOWS\System32\Wbem;C:\WINDOWS\System32\WindowsPowerShell\v1.0\;C:\Program Files (x86)\Intel\Intel(R) Management Engine Components\DAL;C:\Program Files\Intel\Intel(R) Management Engine Components\DAL;C:\Program Files (x86)\Intel\Intel(R) Management Engine Components\IPT;C:\Program Files\Intel\Intel(R) Management Engine Components\IPT;C:\Program Files (x86)\ATI Technologies\ATI.ACE\Core-Static;D:\iuuuu\Java\jdk1.8\bin;D:\iuuuu\maven\apache-maven-3.5.3-bin\apache-maven-3.5.3\bin;D:\ultra\ultraedit安装;C;\Program Files\Intel\WiFi\bin\;C:\Program Files\Common Files\Intel\WirelessCommon\;D:\iuuuu\gradle\gradle-4.6-bin\gradle-4.6\bin;D:\iuuuu\git\Git\cmd;D:\iuuuu\tortoiessvn\bin;C:\Users\IUUU\AppData\Local\Microsoft\WindowsApps;C:\Program Files\Intel\WiFi\bin\;C:\Program Files\Common Files\Intel\WirelessCommon\;D:\GW\MinGW\bin;&quot;D:\iuuuu\Java\jdk1.8\bin;D:\iuuuu\Java\jdk1.8\jre\bin&quot;;;."/>
    <property name="java.vm.info" value="mixed mode"/>
    <property name="java.vendor" value="Oracle Corporation"/>
    <property name="java.vm.version" value="25.101-b13"/>
    <property name="java.ext.dirs" value="D:\iuuuu\Java\jdk1.8\jre\lib\ext;C:\WINDOWS\Sun\Java\lib\ext"/>
    <property name="sun.io.unicode.encoding" value="UnicodeLittle"/>
    <property name="maven.repo.local" value="D:\iuuuu\maven\repository"/>
    <property name="java.class.version" value="52.0"/>
  </properties>
  <testcase name="shouldAnswerWithTrue" classname="com.iu.sl.AppTest" time="0.003"/>
</testsuite>